<?xml version="1.0" encoding="UTF-8"?>
<!-- Generated by org.testng.reporters.JUnitXMLReporter -->
<testsuite hostname="sshrivat-lap1" ignored="0" name="Login Tests" tests="4" failures="0" timestamp="18 Sep 2018 19:21:52 GMT" time="74.147" errors="0">
  <testcase name="logInToEdureka" time="19.601" classname="casestudy6.CourseSearchTest"/>
  <testcase name="searchCourse" time="10.627" classname="casestudy6.CourseSearchTest"/>
  <testcase name="Logout" time="5.372" classname="casestudy6.CourseSearchTest"/>
  <testcase name="SignUpWithExistingID" time="21.462" classname="casestudy6.CourseSearchTest"/>
</testsuite> <!-- Login Tests -->
